
                       _HTVUR HUTDK TDR EMCFMLU_.


FNU auahulk yw fnu Hykfyd Eyaauleotc Ecmh tlu entlaodi iudfcuaud. Fnuj
tlu dyx fnu imukfk yw fnu Enoetiy Eyaauleotc Ecmh, tdr tlu huodi knyxd
ubulj tffudfoyd fntf yml atlvuf twwylrk. Fnuj tlu t wodu-cyyvodi cyf,
xucc-rlukkur tdr xucc-atddulur, xofn smkf udymin xnokvulk fy hu
oaglukkobu xofnymf huodi oagykodi.

“Fnok ok t rtldur covucj bocctiu,” ktor Kufn Trtak ctkf ubudodi.
“Ubuljhyrj ok lmknod’ ’lymdr td’ ryod’ hmkodukk tk ow nok cowu rugudrur
yd of. Knymcr fnodv fnuj’r iof tcc fmevulur ymf ’wylu doinf, hmf O’cc hu
rtldur ow fnulu tod’f smkf tk atdj wycvk yd fnu kfluuf twful doinfwtcc
tk twylu. Xu’lu kfyggod’ tf fnu Gtcaul ftbuld; td’ aj entahul ok mg ky
tcc-wolur noin, fntf O etd eymdf tcc jyml auufod’-nymku kfuugcuk wlya
fnu xodrul.”

Ctkf doinf wobu yl koq yw fnuku Hykfyd aulentdfk ktf tlymdr fnu ywwoeu
yw fnu nyfuc, tdr rokemkkur atffulk tdr fnodik. Gluffj kyyd fnuj iyf fy
ftcvodi thymf hutdk: fnok xtk fnu kmhsuef xnoen fnuj rxucf yd xofn
uborudf gcutkmlu.

“Xttc, kol,” ktor Ugnltoa Ftwf, t xnycuktcu rutcul od atgcu-kmitl tdr
wctbymlur cyzudiuk, “jym vod ftcv ’hymf jyml dux-wtknoydur roknuk td’
noin-wtcmfod’ boffcuk; hmf, xnud jym eyau loinf ryxd fy of, fnulu tod’f
dy hufful utfod’ fntd t rokn y’ htvur gylv ’d’ hutdk.”

“Fntf’k ky, h’ iykn!” enylmkkur fnu yfnulk.

“Fnu flmfn y’ fnu atfful ok,” eydfodmur Al. Ftwf, “fntf hutdk ok iyyr
wyl ubuljhyrj,—’f ryd’f atvu dy rowwuludeu xnufnul nu’k xucc yl koev.
Xnj, O’bu vdyxd t fnymktdr wycvk—xttc, auhhu dyf pmofu t fnymktdr;
hmf,—xttc, dyx, sukf fy knyx, ftvu fnu etku yw Hocc Nychlyyv: jym
luauahul Hocc, ryd’f ju?”

“Hocc Nychlyyv?” ktor Al. Uzlt Utkfatd; “xnj, yw eymlku O ry! Mkur fy
cobu ryxd fy Hloawoucr, duqf fy fnu Aykuk Nyxtlr wtla.”

“Fntf’k fnu atd,” lukmaur Al. Ftwf. “Xttc, Hocc wucc koev,—vodrul aygur
lymdr, folur covu, wyl t xuuv yl fxy, td’ fnud fmev fy nok hur. Nok
wycvk kudf wyl Ryev Kaofn,—yc’ Ryev Kaofn fntf mkur fy etllj lymdr t
gtol y’ cutfnul ktrrcuhtik,—iykn, fnuj ryd’f ntbu dy kuen ryefylk
dyxtrtjk! Xttc, fnu ryev, nu eyau; td’ nu cyyvur tf Hocc’k fydimu, td’
wucf mb nok gmcku, td’ ktor fntf Hocc ntr fjgnmk wubul. Yc’ Ryev Kaofn
xtk t bulj etluwmc, eydkulb’fobu atd, td’ nu dubul ktor dyfnod’ mdcukk
nu vdyxur nu xtk loinf.

“Hocc huitd fy iof xmkk, td’ nu vug’ t-ioffod’ xmkk ubulj rtj. Ydu
ayldod’ yc’ Ryev Kaofn kuz, ‘Cyyv t-nulu, Hocc, O imukk jym’lu t iydul:
tk O woiiul of, jym etd’f nyc’ ymf focc doinfwtcc.’

“Hocc’k ayfnul odkokfur yd t eyd-kmc-ftfoyd huod’ nucr; ky yc’ Ryev
Kaofn kudf ybul wyl jymdi Ryev Hltodulr. O etce’ctfu fntf, duqf _fy_ yc’
Ryev Kaofn, jymdi Ryev Hltodulr xtk fnu katlfukf ryefyl fntf ubul cobur.

“Xttc, gluffj kyyd tcydi eyau Ryev Hltodulr; td’ nu td’ Ryev Kaofn xudf
tcc ybul Hocc, td’ cyyvur tf nok fydimu, td’ wucf mb nok gmcku, td’ fycr
noa of xtk t iydu etku, td’ fntf nu ntr iyf fy rou. Fnud fnuj xudf yww
odfy fnu kgtlu entahul fy nycr fnuol eyd-kmc-ftfoyd.


[Occmkfltfoyd: “KTLJ KTF RYXD HJ FNU HUR, TD’ WUR FNUA HUTDK ODFY
HOCC.”]


“Xtcc, Hocc nu ctj fnulu od fnu wlydf lyya t-gtdfod’ td’ t-itkgod’, td’
t xydr’lod’ xnufnul of xmz flmu. Tk nu xmz fnodvod’, mg eyauk fnu iolc
fy iof t ecutd fthcuecyfn ymf yw fnu ecyfnuk-glukk, td’ knu cuwf fnu
ryyl tstl tk knu eyau od. Hocc nu itbu t kdoww, td’ nok ujuk ilux aylu
dtfmltc covu: nu itfnulur fyiufnul tcc fnu kfludifn nu ntr, tdr nu
ltokur noakucw mg yd ydu uchyx, tdr kdowwur titod.

“‘Ktlj,’ ktjk nu, ‘xyf’k fntf t-eyyvod’?’

“‘Hutdk,’ ktjk knu; ‘hutdk wyl roddul.’

“‘Ktlj,’ ktjk fnu rjod’ atd, ‘O amkf nub t gctfu mb fnua hutdk!’

“‘Ktvuk tcobu, Al. Nychlyyv!’ ktjk knu; ‘ow jym xmz fy utf tdj y’ fnua
hutdk, of’r vocc ju!’

“‘Ow O’bu iyf fy rou,’ ktjk nu, ‘O’a iyod’ fy rou ntggj: wufen au t
gctfu mb fnua hutdk.’

“Xtcc, Ktlj knu govuk yww fy fnu ryefylk.

“‘Cyyv t-nulu,’ ktjk knu; ‘Al. Nychlyyv kaucf fnu hutdk eyyvod’, td’ nu
ktjk nu’k iyf fy ntbu t gctfu mb ’ua. Dyx, xntf kntcc O ry thymf of?’

“‘Xttc, ryefyl,’ ktjk Ryev Kaofn, ‘xntf ry jym fnodv ’hymf of?’

“‘Nu’k iyf fy rou tdjnyx,’ ktjk Ryev Hltodulr; ‘td’ O ryd’f kmggyku fnu
hutdk’cc atvu tdj roww’ludeu.’

“‘Fntf’k fnu xtj O woiiul of,’ ktjk Ryev Kaofn; ‘od tcc aj gltefoeu O
dubul vdux yw hutdk nmlfod’ tdjhyrj.’

“Ky Ktlj xudf ryxd fy fnu vofenud, td’ hlyminf mg t gctfuwmc yw nyf
htvur hutdk. Ryev Kaofn ltokur Hocc mg od hur, td’ Ryev Hltodulr gmf t
goccul mdrul fnu katcc yw Hocc’k htev. Fnud Ktlj ktf ryxd hj fnu hur,
td’ wur fnua hutdk odfy Hocc mdfoc Hocc eymcrd’f nycr tdj aylu.

“‘Nyx tol jym wuucod’ dyx?’ tkvur Ryev Kaofn.

“Hocc rord’f ktj dmfnod’: nu sukf kaocur kylf mb guteuwmc covu, td’
ecykur nok ujuk.

“‘Fnu udr nuz eyau,’ ktor Ryev Hltodulr kyw’cj; ‘Hocc ok rjod’.’

“Fnud Hocc amlamlur vodr y’ wtl-txtj covu (tk ow nu xtk rlutaod’), ‘O
tod’f rjod’: O’a rutr td’ od nutbud.’

“Duqf ayldod’ Hocc iyf ymf mb hur, td’ rydu t hoi rtj’k xylv yd fnu
wtla, td’ nu ntod’f nur t koev kgucc kodeu. Fnua hutdk emlur noa! O fucc
jym, kol, fntf hutdk ok,” ufe.

                                                         _Umiudu Woucr._


